
> surfsense_web@0.0.8 dev /Users/PhatNguyen/Desktop/SurfSense/surfsense_web
> next dev --turbopack

[MDX] updated map file in 4.560834ms
[MDX] started dev server
   ▲ Next.js 15.4.4 (Turbopack)
   - Local:        http://localhost:3000
   - Network:      http://192.168.4.115:3000
   - Environments: .env

 ✓ Starting...
 ✓ Ready in 964ms
 ○ Compiling /register ...
 ✓ Compiled /register in 2.2s
 GET /register 200 in 2608ms
 ✓ Compiled /favicon.ico in 137ms
 GET /favicon.ico?favicon.3c5262e8.ico 200 in 384ms
 ✓ Compiled /login in 301ms
 GET /login?registered=true 200 in 343ms
 ✓ Compiled /auth/callback in 164ms
 GET /auth/callback?token=eyJhbGciOiJIUzI1NiIsInR5cCI6IkpXVCJ9.eyJzdWIiOiIwYTM4M2NjYi0wMjAzLTQ0NmUtODk2NS1iM2I3OWZhNGUwYjMiLCJhdWQiOlsiZmFzdGFwaS11c2VyczphdXRoIl0sImV4cCI6MTc2MTQ3NjQ4M30.si1c5NF5kZyqnXc3vXlE-WRn8J1TWao9plGWDmhYeGI 200 in 189ms
 ✓ Compiled /dashboard in 316ms
 GET /dashboard 200 in 347ms
 GET /dashboard 200 in 56ms
 ✓ Compiled /dashboard/searchspaces in 325ms
 GET /dashboard/searchspaces 200 in 348ms
 GET /dashboard 200 in 29ms
 GET /dashboard 200 in 44ms
 ✓ Compiled in 327ms
 GET /dashboard 200 in 111ms
 GET /dashboard 200 in 140ms
 GET /favicon.ico?favicon.3c5262e8.ico 200 in 224ms
 ✓ Compiled / in 241ms
 GET / 200 in 327ms
 ✓ Compiled in 172ms
 ✓ Compiled in 117ms
 ✓ Compiled in 136ms
 ✓ Compiled in 291ms
 ✓ Compiled / in 92ms
 GET / 200 in 442ms
 GET / 200 in 429ms
 GET /favicon.ico?favicon.3c5262e8.ico 200 in 242ms
 GET / 200 in 103ms
 GET /favicon.ico?favicon.3c5262e8.ico 200 in 227ms
 ✓ Compiled in 218ms
 ✓ Compiled /login in 29ms
 GET /login 200 in 153ms
 ✓ Compiled in 122ms
 ✓ Compiled in 215ms
 ✓ Compiled /login in 13ms
 GET /login 200 in 111ms
 GET /login 200 in 20ms
 GET /login 200 in 22ms
 GET /login 200 in 22ms
 GET /login 200 in 23ms
 GET /login 200 in 19ms
 ✓ Compiled / in 23ms
 GET / 200 in 108ms
 ✓ Compiled in 102ms
 ✓ Compiled in 562ms
 GET / 200 in 312ms
 GET /favicon.ico?favicon.3c5262e8.ico 200 in 247ms
 GET /login 200 in 44ms
 ✓ Compiled in 107ms
 ✓ Compiled in 90ms
 ✓ Compiled in 163ms
 ✓ Compiled in 139ms
 GET / 200 in 332ms
 GET /favicon.ico?favicon.3c5262e8.ico 200 in 225ms
 GET / 200 in 43ms
 GET /login 200 in 44ms
 ✓ Compiled /auth/callback in 19ms
 GET /auth/callback?token=eyJhbGciOiJIUzI1NiIsInR5cCI6IkpXVCJ9.eyJzdWIiOiIwYTM4M2NjYi0wMjAzLTQ0NmUtODk2NS1iM2I3OWZhNGUwYjMiLCJhdWQiOlsiZmFzdGFwaS11c2VyczphdXRoIl0sImV4cCI6MTc2MTQ3NzkxNX0.eh-jknLUoj-7tyYzl543eIiUmb4G-wLMLLGR49jZXjA 200 in 60ms
 ✓ Compiled /dashboard in 26ms
 GET /dashboard 200 in 164ms
 GET /dashboard 200 in 82ms
 GET /dashboard 200 in 197ms
 GET /favicon.ico?favicon.3c5262e8.ico 200 in 232ms
 ✓ Compiled /_not-found/page in 258ms
 GET /icon-128.png 404 in 304ms
 ✓ Compiled in 134ms
 GET /dashboard 200 in 253ms
 GET /favicon.ico?favicon.3c5262e8.ico 200 in 234ms
 ✓ Compiled in 117ms
 ✓ Compiled in 90ms
 GET /auth/callback?token=eyJhbGciOiJIUzI1NiIsInR5cCI6IkpXVCJ9.eyJzdWIiOiIwYTM4M2NjYi0wMjAzLTQ0NmUtODk2NS1iM2I3OWZhNGUwYjMiLCJhdWQiOlsiZmFzdGFwaS11c2VyczphdXRoIl0sImV4cCI6MTc2MTQ3NzkxNX0.eh-jknLUoj-7tyYzl543eIiUmb4G-wLMLLGR49jZXjA 200 in 48ms
 GET /dashboard 200 in 105ms
 GET /dashboard 200 in 22ms
 GET /dashboard 200 in 157ms
 GET /favicon.ico?favicon.3c5262e8.ico 200 in 236ms
 ✓ Compiled in 100ms
 ✓ Compiled in 114ms
 ✓ Compiled in 108ms
 ✓ Compiled in 108ms
 ✓ Compiled in 101ms
 ✓ Compiled in 134ms
 ⚠ Fast Refresh had to perform a full reload due to a runtime error.
 ✓ Compiled in 99ms
 GET /dashboard 200 in 287ms
 GET /favicon.ico?favicon.3c5262e8.ico 200 in 222ms
 ⚠ Fast Refresh had to perform a full reload due to a runtime error.
 ✓ Compiled in 97ms
 GET /dashboard 200 in 163ms
 GET /favicon.ico?favicon.3c5262e8.ico 200 in 220ms
 ⚠ Fast Refresh had to perform a full reload due to a runtime error.
 ✓ Compiled in 94ms
 GET /dashboard 200 in 159ms
 GET /favicon.ico 200 in 218ms
 ⚠ Fast Refresh had to perform a full reload due to a runtime error.
 ✓ Compiled in 124ms
 GET /dashboard 200 in 274ms
 GET /favicon.ico?favicon.3c5262e8.ico 200 in 231ms
 ⚠ Fast Refresh had to perform a full reload due to a runtime error.
 ✓ Compiled in 132ms
 GET /dashboard 200 in 296ms
 GET /favicon.ico?favicon.3c5262e8.ico 200 in 234ms
 ⚠ Fast Refresh had to perform a full reload due to a runtime error.
 ✓ Compiled in 99ms
 GET /dashboard 200 in 253ms
 GET /favicon.ico?favicon.3c5262e8.ico 200 in 225ms
 ✓ Compiled /dashboard/searchspaces in 22ms
 GET /dashboard/searchspaces 200 in 72ms
 ✓ Compiled in 185ms
 ✓ Compiled in 88ms
 ✓ Compiled in 153ms
 ✓ Compiled in 86ms
 GET /dashboard/searchspaces 200 in 312ms
 GET /favicon.ico?favicon.3c5262e8.ico 200 in 246ms
 ✓ Compiled in 78ms
 ✓ Compiled in 89ms
 GET /dashboard 200 in 149ms
 ○ Compiling /dashboard/[search_space_id]/documents ...
 ✓ Compiled /dashboard/[search_space_id]/documents in 1183ms
 GET /dashboard/1/documents 200 in 1605ms
 ✓ Compiled /dashboard/[search_space_id]/onboard in 347ms
 GET /dashboard/1/onboard 200 in 579ms
 ○ Compiling /dashboard/[search_space_id]/researcher/[[...chat_id]] ...
 ✓ Compiled /dashboard/[search_space_id]/researcher/[[...chat_id]] in 3.5s
 GET /dashboard/1/researcher 200 in 2675ms
 GET /dashboard/1/researcher 200 in 119ms
 GET /favicon.ico?favicon.3c5262e8.ico 200 in 230ms
 ✓ Compiled /dashboard/[search_space_id] in 410ms
 GET /dashboard/1 200 in 778ms
 ✓ Compiled /dashboard/[search_space_id]/chats in 496ms
 GET /dashboard/1/chats 200 in 820ms
 GET /dashboard/1/chats 200 in 61ms
 GET / 200 in 124ms
 GET / 200 in 52ms
 GET / 200 in 56ms
 GET /login 200 in 61ms
 GET /login 200 in 58ms
 GET /auth/callback?token=eyJhbGciOiJIUzI1NiIsInR5cCI6IkpXVCJ9.eyJzdWIiOiIwYTM4M2NjYi0wMjAzLTQ0NmUtODk2NS1iM2I3OWZhNGUwYjMiLCJhdWQiOlsiZmFzdGFwaS11c2VyczphdXRoIl0sImV4cCI6MTc2MTQ3ODQ2MH0.lx5fmEyyIALNri2FzYjF68P48R5LT_ZDX5PPCWeSo3k 200 in 54ms
 GET /dashboard 200 in 64ms
 GET /dashboard 200 in 52ms
 GET / 200 in 58ms
 GET / 200 in 53ms
 GET /login 200 in 50ms
 GET /auth/callback?token=eyJhbGciOiJIUzI1NiIsInR5cCI6IkpXVCJ9.eyJzdWIiOiIwYTM4M2NjYi0wMjAzLTQ0NmUtODk2NS1iM2I3OWZhNGUwYjMiLCJhdWQiOlsiZmFzdGFwaS11c2VyczphdXRoIl0sImV4cCI6MTc2MTQ3ODQ3Mn0.cKtDBdadVLfM3D5ZHXW0qVlwFNKE87HSTTb7uh7dUjQ 200 in 49ms
 GET /dashboard 200 in 32ms
 GET /dashboard 200 in 24ms
 GET /dashboard/1/documents 200 in 60ms
 GET /dashboard/1 200 in 107ms
 GET /dashboard/1/chats 200 in 73ms
 GET /dashboard/1/chats 200 in 46ms
 GET /dashboard 200 in 127ms
 GET /dashboard/1/documents 200 in 63ms
 GET /dashboard/1/researcher 200 in 110ms
 GET /dashboard/1/researcher/1 200 in 50ms
 GET /dashboard/1/researcher/1 200 in 98ms
 GET /favicon.ico?favicon.3c5262e8.ico 200 in 233ms
 GET /dashboard/1/researcher/1 200 in 46ms
 GET /dashboard/1/chats 200 in 52ms
 GET /dashboard 200 in 158ms
 GET /dashboard/1/documents 200 in 65ms
 GET /dashboard/1/chats 200 in 57ms
 ✓ Compiled in 169ms
 GET /dashboard 200 in 365ms
 GET /dashboard/1/chats 200 in 39ms
 ✓ Compiled in 106ms
 ✓ Compiled in 138ms
 GET /dashboard/1/researcher 200 in 148ms
 ✓ Compiled /dashboard/[search_space_id]/documents/upload in 440ms
 GET /dashboard/1/documents/upload 200 in 929ms
 ✓ Compiled /dashboard/[search_space_id]/documents/youtube in 268ms
 GET /dashboard/1/documents/youtube 200 in 549ms
 ✓ Compiled in 343ms
 ✓ Compiled in 288ms
 ✓ Compiled in 277ms
 ✓ Compiled in 306ms
 ✓ Compiled in 327ms
 ✓ Compiled in 124ms
 GET /dashboard/1/documents/youtube 200 in 135ms
 GET /favicon.ico?favicon.3c5262e8.ico 200 in 263ms
 GET /dashboard 200 in 300ms
 GET /dashboard/1/chats 200 in 132ms
 GET /dashboard/1/documents/upload 200 in 124ms
 GET /dashboard/1/documents 200 in 202ms
 ✓ Compiled in 263ms
 ⚠ Fast Refresh had to perform a full reload due to a runtime error.
 ✓ Compiled in 179ms
 GET /dashboard/1/chats 200 in 420ms
 GET /favicon.ico?favicon.3c5262e8.ico 200 in 225ms
 ⚠ Fast Refresh had to perform a full reload due to a runtime error.
 ✓ Compiled in 182ms
 GET /dashboard/1/chats 200 in 256ms
 GET /favicon.ico?favicon.3c5262e8.ico 200 in 234ms
 ⚠ Fast Refresh had to perform a full reload due to a runtime error.
 ✓ Compiled in 173ms
 GET /dashboard/1/chats 404 in 68ms
 GET /favicon.ico?favicon.3c5262e8.ico 200 in 246ms
 ✓ Compiled in 260ms
 GET /dashboard/1/documents 200 in 110ms
 GET /favicon.ico?favicon.3c5262e8.ico 200 in 345ms
 GET /dashboard 200 in 108ms
 GET /dashboard/1/chats 200 in 194ms
 GET /dashboard/1/chats 200 in 211ms
 GET /favicon.ico?favicon.3c5262e8.ico 200 in 227ms
 GET /dashboard/1/documents/upload 200 in 79ms
 GET /dashboard/1/researcher/1 200 in 68ms
 GET /dashboard/1/researcher/1 200 in 64ms
 GET /dashboard/1/researcher/1 200 in 60ms
 GET /dashboard/1/chats 200 in 49ms
 GET /dashboard/1/documents/upload 200 in 62ms
 GET /dashboard/1/documents/upload 200 in 168ms
 GET /favicon.ico?favicon.3c5262e8.ico 200 in 262ms
 GET /dashboard 200 in 102ms
 GET /dashboard/1/chats 200 in 61ms
 GET /dashboard/1/documents/upload 200 in 100ms
 GET /dashboard/1/documents/upload 200 in 170ms
 GET /favicon.ico?favicon.3c5262e8.ico 200 in 273ms
 GET /dashboard 200 in 74ms
 GET /dashboard/1/chats 200 in 207ms
 ✓ Compiled in 334ms
 GET /dashboard/1/chats 200 in 333ms
 GET /favicon.ico?favicon.3c5262e8.ico 200 in 240ms
 GET /dashboard/1/chats 200 in 132ms
 GET /favicon.ico?favicon.3c5262e8.ico 200 in 232ms
 GET /dashboard/1/documents 200 in 112ms
 GET /dashboard/1/documents 200 in 106ms
 GET /favicon.ico?favicon.3c5262e8.ico 200 in 233ms
 GET /dashboard/1/documents 200 in 86ms
 GET /favicon.ico?favicon.3c5262e8.ico 200 in 230ms
 GET /dashboard/1/documents 200 in 107ms
 GET /favicon.ico?favicon.3c5262e8.ico 200 in 233ms
 GET /dashboard/1/documents 200 in 188ms
 GET /favicon.ico?favicon.3c5262e8.ico 200 in 231ms
 GET /dashboard/1/documents 200 in 120ms
 GET /favicon.ico?favicon.3c5262e8.ico 200 in 233ms
 GET /dashboard/1/documents 200 in 102ms
 GET /favicon.ico?favicon.3c5262e8.ico 200 in 240ms
 GET /dashboard/1/documents 200 in 173ms
 GET /favicon.ico?favicon.3c5262e8.ico 200 in 235ms
 GET /dashboard/1/researcher/1 200 in 77ms
 GET /dashboard/1/chats 200 in 72ms
 ✓ Compiled in 450ms
 GET /dashboard/1/chats 200 in 295ms
 GET /favicon.ico?favicon.3c5262e8.ico 200 in 244ms
 GET /dashboard/1/chats 200 in 265ms
 GET /favicon.ico?favicon.3c5262e8.ico 200 in 239ms
 GET /dashboard/1/researcher/2 200 in 78ms
 GET /dashboard/1/researcher/2 200 in 91ms
 GET /favicon.ico?favicon.3c5262e8.ico 200 in 238ms
 GET /dashboard/1/chats 200 in 53ms
 ✓ Compiled in 454ms
 ✓ Compiled in 240ms
 GET /dashboard/1/chats 200 in 320ms
 GET /favicon.ico?favicon.3c5262e8.ico 200 in 238ms
 GET /dashboard/1/chats 200 in 155ms
 GET /favicon.ico?favicon.3c5262e8.ico 200 in 249ms
 ✓ Compiled in 325ms
 ✓ Compiled in 160ms
 ✓ Compiled in 193ms
 ✓ Compiled in 160ms
 ✓ Compiled in 192ms
 GET /dashboard/1/chats 200 in 371ms
 GET /favicon.ico?favicon.3c5262e8.ico 200 in 246ms
 ✓ Compiled in 329ms
 ✓ Compiled in 175ms
 ✓ Compiled in 252ms
 ✓ Compiled in 210ms
 ✓ Compiled in 337ms
 ✓ Compiled in 81ms
 GET /dashboard/1/chats 200 in 366ms
 GET /favicon.ico?favicon.3c5262e8.ico 200 in 250ms
 ✓ Compiled in 231ms
 GET /dashboard/1/chats 200 in 386ms
 GET /favicon.ico?favicon.3c5262e8.ico 200 in 266ms
 ✓ Compiled in 184ms
 ✓ Compiled in 187ms
 GET /dashboard/1/chats 200 in 389ms
 GET /favicon.ico?favicon.3c5262e8.ico 200 in 352ms
 ✓ Compiled in 215ms
 ✓ Compiled in 212ms
 GET /dashboard/1/chats 200 in 346ms
 GET /favicon.ico?favicon.3c5262e8.ico 200 in 250ms
 ✓ Compiled in 381ms
 ✓ Compiled in 235ms
 GET /dashboard/1/chats 200 in 465ms
 GET /dashboard/1/chats 200 in 182ms
 GET /favicon.ico?favicon.3c5262e8.ico 200 in 229ms
 GET /dashboard/1/researcher/1 200 in 72ms
 GET /dashboard/1/chats 200 in 63ms
 GET /dashboard/1/chats 200 in 205ms
 GET /favicon.ico?favicon.3c5262e8.ico 200 in 250ms
 ✓ Compiled in 318ms
 ✓ Compiled in 209ms
 ✓ Compiled in 418ms
 ✓ Compiled in 391ms
 ✓ Compiled in 162ms
 ✓ Compiled in 188ms
 GET /dashboard/1/chats 200 in 546ms
 GET /favicon.ico?favicon.3c5262e8.ico 200 in 532ms
 GET /dashboard/1/chats 200 in 220ms
 GET /favicon.ico?favicon.3c5262e8.ico 200 in 255ms
 GET /dashboard/1/chats 200 in 182ms
 GET /favicon.ico?favicon.3c5262e8.ico 200 in 256ms
 ✓ Compiled in 276ms
 ✓ Compiled in 195ms
 ✓ Compiled in 257ms
 GET /dashboard/1/chats 200 in 487ms
 GET /favicon.ico?favicon.3c5262e8.ico 200 in 359ms
 ✓ Compiled in 266ms
 ✓ Compiled in 170ms
 ✓ Compiled in 180ms
 ✓ Compiled in 244ms
 GET /dashboard/1/chats 200 in 260ms
 GET /dashboard/1/chats 200 in 129ms
 GET /dashboard/1/chats 200 in 263ms
 GET /dashboard/1/chats 200 in 515ms
 GET /favicon.ico?favicon.3c5262e8.ico 200 in 311ms
 GET / 200 in 293ms
 GET /favicon.ico?favicon.3c5262e8.ico 200 in 261ms
 GET /login 200 in 258ms
 ✓ Compiled /register in 41ms
 GET /register 200 in 256ms
 GET /login?registered=true 200 in 84ms
 GET /auth/callback?token=eyJhbGciOiJIUzI1NiIsInR5cCI6IkpXVCJ9.eyJzdWIiOiI4MzM1YzFlNi05Y2ViLTQ2MDctODcwZC0wZTA3YWJmOTU5ZjUiLCJhdWQiOlsiZmFzdGFwaS11c2VyczphdXRoIl0sImV4cCI6MTc2MTQ4MTk1Nn0.G1QlECUP12UhzvZbwkWcemj3s5c6ZcQY9EJ_aVcZbwQ 200 in 74ms
 GET /dashboard 200 in 103ms
 GET /dashboard 200 in 99ms
 GET /dashboard/searchspaces 200 in 274ms
 GET /dashboard 200 in 65ms
 GET /dashboard/2/chats 200 in 92ms
 GET /dashboard/2/onboard 200 in 152ms
 GET /dashboard/2/chats 200 in 289ms
 GET /dashboard/2/onboard 200 in 76ms
 GET /dashboard/2/chats 200 in 64ms
 ✓ Compiled in 422ms
 ✓ Compiled in 231ms
 GET /dashboard/1/chats 200 in 390ms
 GET /favicon.ico?favicon.3c5262e8.ico 200 in 230ms
 GET /dashboard/1/chats 200 in 325ms
 GET /favicon.ico?favicon.3c5262e8.ico 200 in 265ms
 ✓ Compiled in 343ms
 GET /dashboard/1/chats 200 in 360ms
 GET /favicon.ico?favicon.3c5262e8.ico 200 in 242ms
 GET /dashboard/1/chats 200 in 292ms
 GET /favicon.ico?favicon.3c5262e8.ico 200 in 247ms
 ✓ Compiled in 453ms
 GET /dashboard/1/chats 200 in 500ms
 GET /favicon.ico?favicon.3c5262e8.ico 200 in 235ms
 GET /dashboard/1/chats 200 in 510ms
 GET /favicon.ico?favicon.3c5262e8.ico 200 in 252ms
 ✓ Compiled in 225ms
 ✓ Compiled in 191ms
 GET /dashboard/1/chats 200 in 376ms
 GET /favicon.ico?favicon.3c5262e8.ico 200 in 370ms
 GET /dashboard/1/chats 200 in 218ms
 GET /favicon.ico?favicon.3c5262e8.ico 200 in 278ms
 ✓ Compiled in 337ms
 ✓ Compiled in 392ms
 ✓ Compiled in 201ms
 ✓ Compiled in 318ms
 ✓ Compiled in 213ms
 GET /dashboard/1/chats 200 in 630ms
 GET /favicon.ico?favicon.3c5262e8.ico 200 in 239ms
 GET /dashboard/1/chats 200 in 167ms
 GET /favicon.ico?favicon.3c5262e8.ico 200 in 258ms
 ✓ Compiled in 152ms
 ✓ Compiled in 137ms
 ✓ Compiled in 107ms
 ✓ Compiled in 198ms
 GET /dashboard/1/chats 200 in 462ms
 GET /favicon.ico?favicon.3c5262e8.ico 200 in 270ms
 ✓ Compiled in 226ms
 GET /dashboard/1/chats 200 in 470ms
 GET /favicon.ico?favicon.3c5262e8.ico 200 in 247ms
 GET /dashboard/1/chats 200 in 120ms
 GET /favicon.ico?favicon.3c5262e8.ico 200 in 287ms
 ✓ Compiled in 385ms
 ✓ Compiled in 201ms
 ✓ Compiled in 424ms
 ⚠ Fast Refresh had to perform a full reload due to a runtime error.
 ✓ Compiled in 299ms
 GET /dashboard/1/chats 200 in 467ms
 GET /favicon.ico?favicon.3c5262e8.ico 200 in 265ms
 ⚠ Fast Refresh had to perform a full reload due to a runtime error.
 ✓ Compiled in 343ms
 GET /dashboard/1/chats 200 in 525ms
 GET /favicon.ico?favicon.3c5262e8.ico 200 in 262ms
 ⚠ Fast Refresh had to perform a full reload due to a runtime error.
 ✓ Compiled in 231ms
 GET /dashboard/1/chats 200 in 411ms
 GET /favicon.ico?favicon.3c5262e8.ico 200 in 265ms
 ⚠ Fast Refresh had to perform a full reload due to a runtime error.
 ✓ Compiled in 281ms
 GET /dashboard/1/chats 200 in 513ms
 GET /favicon.ico?favicon.3c5262e8.ico 200 in 271ms
 ⚠ Fast Refresh had to perform a full reload due to a runtime error.
 ✓ Compiled in 436ms
 GET /dashboard/1/chats 200 in 442ms
 GET /favicon.ico?favicon.3c5262e8.ico 200 in 253ms
 ⚠ Fast Refresh had to perform a full reload due to a runtime error.
 ✓ Compiled in 312ms
 GET /dashboard/1/chats 200 in 405ms
 GET /favicon.ico?favicon.3c5262e8.ico 200 in 291ms
 ✓ Compiled in 310ms
 ⚠ Fast Refresh had to perform a full reload due to a runtime error.
 GET /dashboard/1/chats 200 in 406ms
 GET /favicon.ico?favicon.3c5262e8.ico 200 in 257ms
 GET /dashboard/1/chats 200 in 245ms
 GET /favicon.ico?favicon.3c5262e8.ico 200 in 297ms
 ⚠ Fast Refresh had to perform a full reload due to a runtime error.
 ✓ Compiled in 383ms
 GET /dashboard/1/chats 200 in 548ms
 GET /favicon.ico?favicon.3c5262e8.ico 200 in 259ms
 ✓ Compiled in 308ms
 ✓ Compiled in 211ms
 GET /dashboard/1/chats 200 in 643ms
 GET /favicon.ico?favicon.3c5262e8.ico 200 in 393ms
 GET /dashboard/1/chats 200 in 115ms
 GET /favicon.ico?favicon.3c5262e8.ico 200 in 276ms
 ✓ Compiled in 156ms
 ⚠ Fast Refresh had to perform a full reload due to a runtime error.
 ✓ Compiled in 218ms
 GET /dashboard/1/chats 200 in 224ms
 GET /favicon.ico?favicon.3c5262e8.ico 200 in 269ms
 ✓ Compiled in 285ms
 GET /dashboard/1/chats 200 in 721ms
 GET /favicon.ico?favicon.3c5262e8.ico 200 in 354ms
 ✓ Compiled in 398ms
 ✓ Compiled in 333ms
 ✓ Compiled in 316ms
 ✓ Compiled in 229ms
 ✓ Compiled in 188ms
 GET /dashboard/1/chats 200 in 549ms
 GET /favicon.ico?favicon.3c5262e8.ico 200 in 286ms
 ✓ Compiled in 262ms
 GET /dashboard/1/chats 200 in 560ms
 GET /favicon.ico?favicon.3c5262e8.ico 200 in 246ms
 GET /dashboard/1/chats 200 in 223ms
 GET /favicon.ico?favicon.3c5262e8.ico 200 in 327ms
 GET /dashboard/1/researcher/3 200 in 175ms
 ✓ Compiled in 327ms
 ✓ Compiled in 1044ms
 ✓ Compiled in 259ms
 ✓ Compiled in 1492ms
 ✓ Compiled in 279ms
 ✓ Compiled in 523ms
 ✓ Compiled in 123ms
 ✓ Compiled in 497ms
 ✓ Compiled in 506ms
 ✓ Compiled in 186ms
 ⚠ Fast Refresh had to perform a full reload due to a runtime error.
 ✓ Compiled in 261ms
 GET /dashboard/1/researcher/3 200 in 1326ms
 GET /favicon.ico?favicon.3c5262e8.ico 200 in 260ms
 ⚠ Fast Refresh had to perform a full reload due to a runtime error.
 ✓ Compiled in 139ms
 GET /dashboard/1/researcher/3 404 in 155ms
 GET /favicon.ico?favicon.3c5262e8.ico 200 in 240ms
 GET /dashboard/1/researcher/3 200 in 981ms
 GET /favicon.ico?favicon.3c5262e8.ico 200 in 281ms
 GET /dashboard/1/researcher/3 200 in 221ms
 GET /favicon.ico?favicon.3c5262e8.ico 200 in 264ms
 ⚠ Fast Refresh had to perform a full reload due to a runtime error.
 ✓ Compiled in 433ms
 GET /dashboard/1/researcher/3 200 in 990ms
 GET /favicon.ico?favicon.3c5262e8.ico 200 in 271ms
 GET /dashboard/1 200 in 202ms
 GET /dashboard/1/chats 200 in 257ms
 GET /dashboard/1/chats 200 in 79ms
 GET /dashboard/1/researcher/1 200 in 94ms
 GET /dashboard/1/researcher/1 200 in 83ms
 GET /dashboard/1/chats 200 in 84ms
 GET /dashboard/1/researcher/4 200 in 98ms
 GET /dashboard/1/researcher/4 200 in 277ms
 GET /favicon.ico?favicon.3c5262e8.ico 200 in 282ms
 GET / 200 in 87ms
 ✓ Compiled in 554ms
 ✓ Compiled in 110ms
 GET /login 200 in 149ms
 GET /auth/callback?token=eyJhbGciOiJIUzI1NiIsInR5cCI6IkpXVCJ9.eyJzdWIiOiIwYTM4M2NjYi0wMjAzLTQ0NmUtODk2NS1iM2I3OWZhNGUwYjMiLCJhdWQiOlsiZmFzdGFwaS11c2VyczphdXRoIl0sImV4cCI6MTc2MTQ4NTgxNH0.6iAIgIj7sRrXiY0hH4rd_lBL-kmUdDmhwx3SVOuDUj8 200 in 93ms
 GET /dashboard 200 in 147ms
 GET /dashboard 200 in 98ms
 GET /dashboard/1/chats 200 in 106ms
 GET /dashboard/1/researcher/4 200 in 173ms
 ✓ Compiled in 186ms
 ✓ Compiled in 100ms
 ✓ Compiled /dashboard/[search_space_id]/researcher/[[...chat_id]] in 44ms
 GET /dashboard/1/researcher/4 200 in 268ms
 GET /dashboard/1/researcher/4 200 in 971ms
 GET /favicon.ico?favicon.3c5262e8.ico 200 in 406ms
 ✓ Compiled in 537ms
 ✓ Compiled in 457ms
 ✓ Compiled in 244ms
 ✓ Compiled in 520ms
 ✓ Compiled /dashboard/[search_space_id]/researcher/[[...chat_id]] in 46ms
 GET /dashboard/1/researcher/4 200 in 278ms
 GET /dashboard/1/researcher/4 200 in 850ms
 GET /favicon.ico?favicon.3c5262e8.ico 200 in 258ms
 ✓ Compiled in 309ms
 ✓ Compiled in 290ms
 ⚠ Fast Refresh had to perform a full reload due to a runtime error.
 ✓ Compiled in 291ms
 GET /dashboard/1/researcher/4 200 in 1012ms
 GET /favicon.ico?favicon.3c5262e8.ico 200 in 265ms
[1025/205337.986559:ERROR:node_main.cc(145)] Node.js environment variables are disabled because this process is invoked by other apps.
/Applications/Cursor.app/Contents/MacOS/Cursor: bad option: -g

Could not open ChatInterface.tsx in the editor.
The editor process exited with an error: (code 9).

To set up the editor integration, add something like REACT_EDITOR=atom to the .env.local file in your project folder and restart the development server.

[1025/205338.414979:ERROR:node_main.cc(145)] Node.js environment variables are disabled because this process is invoked by other apps.
/Applications/Cursor.app/Contents/MacOS/Cursor: bad option: -g

Could not open ChatInterface.tsx in the editor.
The editor process exited with an error: (code 9).

To set up the editor integration, add something like REACT_EDITOR=atom to the .env.local file in your project folder and restart the development server.

 ✓ Compiled in 268ms
 ✓ Compiled in 136ms
 ⚠ Fast Refresh had to perform a full reload due to a runtime error.
 ✓ Compiled in 525ms
 ✓ Compiled /dashboard/[search_space_id]/researcher/[[...chat_id]] in 37ms
 GET /dashboard/1/researcher/4 200 in 950ms
 GET /favicon.ico?favicon.3c5262e8.ico 200 in 244ms
 GET /dashboard/1/researcher/4 200 in 304ms
 GET /favicon.ico?favicon.3c5262e8.ico 200 in 310ms
 ✓ Compiled in 191ms
 GET /dashboard/1/researcher/4 200 in 988ms
 GET /favicon.ico?favicon.3c5262e8.ico 200 in 280ms
 ○ Compiling /dashboard/[search_space_id]/connectors/add ...
 ✓ Compiled /dashboard/[search_space_id]/connectors/add in 590ms
 GET /dashboard/1/connectors/add 200 in 1110ms
 ✓ Compiled /dashboard/[search_space_id]/connectors in 479ms
 GET /dashboard/1/connectors 200 in 892ms
 GET /dashboard/1/connectors/add 200 in 85ms
 GET /dashboard/1/researcher 200 in 183ms
 ✓ Compiled in 153ms
 ✓ Compiled in 123ms
 GET /dashboard/1/researcher 200 in 1022ms
 GET /favicon.ico?favicon.3c5262e8.ico 200 in 259ms
 GET /dashboard/1/researcher 200 in 230ms
 GET /dashboard/1/chats 200 in 88ms
 GET /dashboard/1/researcher/4 200 in 97ms
 GET /dashboard/1/researcher 200 in 265ms
 GET / 200 in 217ms
 GET /login 200 in 109ms
 GET /auth/callback?token=eyJhbGciOiJIUzI1NiIsInR5cCI6IkpXVCJ9.eyJzdWIiOiIwYTM4M2NjYi0wMjAzLTQ0NmUtODk2NS1iM2I3OWZhNGUwYjMiLCJhdWQiOlsiZmFzdGFwaS11c2VyczphdXRoIl0sImV4cCI6MTc2MTQ4NzUwNX0.F6H94Dl4nwuMYoYCchHFHs9eHgCLFYA_EqOf6BMxyVc 200 in 174ms
 GET /dashboard 200 in 112ms
 GET /dashboard 200 in 87ms
 GET /dashboard/1/chats 200 in 95ms
 ✓ Compiled in 172ms
 GET /dashboard/1/chats 404 in 112ms
 ✓ Compiled /dashboard/[search_space_id]/chats in 25ms
 GET /dashboard/1/chats 200 in 167ms
 GET /dashboard/1/chats 200 in 69ms
 GET /dashboard/1/chats 200 in 59ms
 GET /dashboard/1/chats 200 in 91ms
 GET /dashboard/1/chats 200 in 85ms
 GET /dashboard/1/chats 200 in 159ms
 GET /dashboard/1/chats 200 in 146ms
 GET /dashboard/1/chats 200 in 73ms
 GET /dashboard/1/chats 200 in 257ms
 ✓ Compiled in 129ms
 ✓ Compiled /dashboard/[search_space_id]/researcher/[[...chat_id]] in 30ms
 GET /dashboard/1/researcher/4 200 in 218ms
 GET /dashboard/1/researcher/4 200 in 858ms
 GET /favicon.ico?favicon.3c5262e8.ico 200 in 266ms
 ✓ Compiled /dashboard/[search_space_id]/podcasts in 457ms
 GET /dashboard/1/podcasts 200 in 875ms
 ✓ Compiled in 457ms
 ✓ Compiled in 93ms
 GET /dashboard/1/podcasts 200 in 467ms
 GET /favicon.ico?favicon.3c5262e8.ico 200 in 320ms
 GET /dashboard/1/podcasts 200 in 264ms
 GET /dashboard/1/podcasts 200 in 198ms
 GET /favicon.ico?favicon.3c5262e8.ico 200 in 349ms
 ✓ Compiled in 323ms
 GET /dashboard/1/researcher/4 200 in 365ms
 GET /dashboard/1/chats 200 in 96ms
 ✓ Compiled /dashboard/[search_space_id]/settings in 436ms
 GET /dashboard/1/settings 200 in 1059ms
 ✓ Compiled /dashboard/[search_space_id]/connectors in 34ms
 GET /dashboard/1/connectors 200 in 185ms
 GET /dashboard/1/researcher/4 200 in 105ms
 GET /dashboard/1/settings 200 in 238ms
 GET /dashboard/1/connectors 200 in 164ms
 ✓ Compiled /dashboard/[search_space_id]/connectors/add in 120ms
 GET /dashboard/1/connectors/add 200 in 191ms
 ✓ Compiled /dashboard/[search_space_id]/connectors/add/tavily-api in 371ms
 GET /dashboard/1/connectors/add/tavily-api 200 in 648ms
 GET /dashboard/1/connectors/add 200 in 212ms
 ✓ Compiled /dashboard/[search_space_id]/connectors/add/google-gmail-connector in 405ms
 GET /dashboard/1/connectors/add/google-gmail-connector 200 in 730ms
 GET /dashboard/1/connectors/add/google-gmail-connector 200 in 163ms
 GET /dashboard/1/connectors/add 200 in 212ms
 ✓ Compiled /dashboard/[search_space_id]/connectors/add/github-connector in 485ms
 GET /dashboard/1/connectors/add/github-connector 200 in 838ms
 GET /dashboard/1/connectors 200 in 136ms
 GET /dashboard/1/researcher/4 200 in 129ms
 GET /dashboard/1/chats 200 in 195ms
 GET /dashboard/1/researcher/4 200 in 73ms
 GET /dashboard/1/chats 200 in 68ms
 GET /dashboard/1/connectors/add 200 in 227ms
 GET /dashboard/1/chats 200 in 599ms
 GET /dashboard/1/connectors 200 in 159ms
 GET /dashboard/1/chats 200 in 272ms
 GET /dashboard/1/connectors 200 in 195ms
 GET /dashboard/1/chats 200 in 87ms
 GET /dashboard/1/researcher/4 200 in 92ms
 ✓ Compiled in 326ms
 GET /dashboard/1/researcher/4 200 in 1167ms
 GET /favicon.ico?favicon.3c5262e8.ico 200 in 257ms
 GET /dashboard/1/chats 200 in 188ms
 GET /dashboard/1/researcher/4 200 in 206ms
 ✓ Compiled in 331ms
 ✓ Compiled in 176ms
 ✓ Compiled in 166ms
 ✓ Compiled in 177ms
 ✓ Compiled in 172ms
 ✓ Compiled in 229ms
 GET /dashboard/1/researcher/4 200 in 275ms
 GET /favicon.ico?favicon.3c5262e8.ico 200 in 260ms
 GET /dashboard/1/chats 200 in 194ms
 GET /dashboard/1/researcher/4 200 in 103ms
 GET /dashboard/1/chats 200 in 121ms
 ✓ Compiled in 270ms
 ✓ Compiled in 136ms
 GET /dashboard/1/chats 200 in 470ms
 GET /favicon.ico?favicon.3c5262e8.ico 200 in 271ms
 ✓ Compiled in 585ms
 GET /dashboard/1/chats 200 in 1117ms
 GET /favicon.ico?favicon.3c5262e8.ico 200 in 260ms
 ✓ Compiled in 173ms
 ✓ Compiled in 169ms
 ✓ Compiled in 167ms
 ✓ Compiled in 88ms
 GET /dashboard/1/chats 200 in 454ms
 GET /favicon.ico?favicon.3c5262e8.ico 200 in 263ms
 GET /dashboard/1/researcher/5 200 in 234ms
 ✓ Compiled in 213ms
 GET /dashboard/1/researcher/5 200 in 1271ms
 GET /favicon.ico?favicon.3c5262e8.ico 200 in 279ms
 GET /dashboard/1/researcher/5 200 in 255ms
 GET /favicon.ico?favicon.3c5262e8.ico 200 in 265ms
 GET /dashboard/1/chats 200 in 188ms
 GET /dashboard/1/researcher/5 200 in 95ms
 GET /dashboard/1/researcher/5 200 in 220ms
 GET /favicon.ico?favicon.3c5262e8.ico 200 in 271ms
 GET /dashboard/1/researcher/5 200 in 226ms
 GET /favicon.ico?favicon.3c5262e8.ico 200 in 266ms
 GET /dashboard/1/chats 200 in 83ms
 GET /dashboard/1/researcher/6 200 in 118ms
 GET /dashboard/1/researcher/6 200 in 209ms
 GET /favicon.ico?favicon.3c5262e8.ico 200 in 273ms
 GET /dashboard/1/settings 200 in 168ms
 GET / 200 in 124ms
 GET /login 200 in 114ms
 GET /auth/callback?token=eyJhbGciOiJIUzI1NiIsInR5cCI6IkpXVCJ9.eyJzdWIiOiIwYTM4M2NjYi0wMjAzLTQ0NmUtODk2NS1iM2I3OWZhNGUwYjMiLCJhdWQiOlsiZmFzdGFwaS11c2VyczphdXRoIl0sImV4cCI6MTc2MTQ5MDIyNH0.KM8KrcNdQ1VxGrTMhsVlAm43z6TuI8qYtivguTXAB4w 200 in 100ms
 GET /dashboard 200 in 102ms
 GET /dashboard 200 in 86ms
 GET /dashboard/1/chats 200 in 156ms
 GET /dashboard/1/chats 200 in 74ms
 GET /dashboard/1/researcher/6 200 in 93ms
 ✓ Compiled in 218ms
 ✓ Compiled in 200ms
 ✓ Compiled in 1501ms
 ✓ Compiled /dashboard/[search_space_id]/researcher/[[...chat_id]] in 94ms
 GET /dashboard/1/researcher/6 200 in 1641ms
 GET /dashboard/1/researcher/6 200 in 1652ms
 GET /favicon.ico?favicon.3c5262e8.ico 200 in 345ms
 ✓ Compiled in 154ms
 GET /dashboard/1/researcher/6 200 in 951ms
 GET /favicon.ico?favicon.3c5262e8.ico 200 in 308ms
 ✓ Compiled in 271ms
 GET /dashboard/1/researcher/6 200 in 1015ms
 GET /favicon.ico?favicon.3c5262e8.ico 200 in 281ms
 ✓ Compiled in 176ms
 GET /dashboard/1/researcher/6 200 in 837ms
 GET /favicon.ico?favicon.3c5262e8.ico 200 in 279ms
 ✓ Compiled /dashboard/[search_space_id]/chats in 194ms
 GET /dashboard/1/chats 200 in 642ms
 GET /dashboard/1/chats 200 in 263ms
 GET /favicon.ico?favicon.3c5262e8.ico 200 in 263ms
 ✓ Compiled in 255ms
